<?xml version="1.0" encoding="UTF-8"?>
<!-- Generated by org.testng.reporters.JUnitXMLReporter -->
<testsuite ignored="1" hostname="DESKTOP-OB721D6" failures="0" tests="1" name="Default test" time="42.114" errors="0" timestamp="2023-01-04T20:17:35 PST">
  <testcase classname="tests.UserMenuTest" name="myprofile_tc07" time="36.433"/>
  <testcase classname="tests.UserMenuTest" name="myprofile_tc06" time="0.0">
    <ignored/>
  </testcase> <!-- myprofile_tc06 -->
</testsuite> <!-- Default test -->
