<?xml version="1.0" encoding="UTF-8"?>
<testng-results ignored="1" total="2" passed="1" failed="0" skipped="0">
  <reporter-output>
  </reporter-output>
  <suite started-at="2023-01-04T20:16:52 PST" name="Default suite" finished-at="2023-01-04T20:17:35 PST" duration-ms="42114">
    <groups>
    </groups>
    <test started-at="2023-01-04T20:16:52 PST" name="Default test" finished-at="2023-01-04T20:17:35 PST" duration-ms="42114">
      <class name="tests.UserMenuTest">
        <test-method is-config="true" signature="setUp()[pri:0, instance:tests.UserMenuTest@63dd899]" started-at="2023-01-04T20:16:52 PST" name="setUp" finished-at="2023-01-04T20:16:52 PST" duration-ms="390" status="PASS">
          <reporter-output>
          </reporter-output>
        </test-method> <!-- setUp -->
        <test-method is-config="true" signature="setDriver()[pri:0, instance:tests.UserMenuTest@63dd899]" started-at="2023-01-04T20:16:52 PST" name="setDriver" finished-at="2023-01-04T20:16:57 PST" duration-ms="4997" status="PASS">
          <reporter-output>
          </reporter-output>
        </test-method> <!-- setDriver -->
        <test-method signature="myprofile_tc07()[pri:0, instance:tests.UserMenuTest@63dd899]" started-at="2023-01-04T20:16:57 PST" name="myprofile_tc07" finished-at="2023-01-04T20:17:34 PST" duration-ms="36433" status="PASS">
          <reporter-output>
          </reporter-output>
        </test-method> <!-- myprofile_tc07 -->
        <test-method is-config="true" signature="removeDriver()[pri:0, instance:tests.UserMenuTest@63dd899]" started-at="2023-01-04T20:17:34 PST" name="removeDriver" finished-at="2023-01-04T20:17:35 PST" duration-ms="630" status="PASS">
          <reporter-output>
          </reporter-output>
        </test-method> <!-- removeDriver -->
        <test-method is-config="true" signature="tearDown()[pri:0, instance:tests.UserMenuTest@63dd899]" started-at="2023-01-04T20:17:35 PST" name="tearDown" finished-at="2023-01-04T20:17:35 PST" duration-ms="709" status="PASS">
          <reporter-output>
          </reporter-output>
        </test-method> <!-- tearDown -->
      </class> <!-- tests.UserMenuTest -->
    </test> <!-- Default test -->
  </suite> <!-- Default suite -->
</testng-results>
